This file contains any messages produced by compilers while
running configure, to aid debugging if configure makes a mistake.

It was created by libwebp configure 1.1.0, which was
generated by GNU Autoconf 2.71.  Invocation command line was

  $ ./configure --host=x86_64-apple-darwin --prefix=/Users/mikerenoir/projects/Telegram-macOS/Telegram/core-xprojects/libwebp/build/x86_64 --build=aarch64-apple-darwin22.1.0 --disable-shared --enable-static --enable-libwebpdecoder --enable-swap-16bit-csp --enable-libwebpmux 'CFLAGS=-arch x86_64 -pipe -isysroot /Applications/Xcode_14_0_1.app/Contents/Developer/Platforms/MacOSX.platform/Developer/SDKs/MacOSX.sdk -Os -DNDEBUG -mmacosx-version-min=10.11 '

## --------- ##
## Platform. ##
## --------- ##

hostname = Mikes-MacBook-Pro.local
uname -m = arm64
uname -r = 22.1.0
uname -s = Darwin
uname -v = Darwin Kernel Version 22.1.0: Sun Oct  9 20:15:09 PDT 2022; root:xnu-8792.41.9~2/RELEASE_ARM64_T6000

/usr/bin/uname -p = arm
/bin/uname -X     = unknown

/bin/arch              = unknown
/usr/bin/arch -k       = unknown
/usr/convex/getsysinfo = unknown
/usr/bin/hostinfo      = Mach kernel version:
	 Darwin Kernel Version 22.1.0: Sun Oct  9 20:15:09 PDT 2022; root:xnu-8792.41.9~2/RELEASE_ARM64_T6000
Kernel configured for up to 10 processors.
10 processors are physically available.
10 processors are logically available.
Processor type: arm64e (ARM64E)
Processors active: 0 1 2 3 4 5 6 7 8 9
Primary memory available: 32.00 gigabytes
Default processor set: 428 tasks, 2424 threads, 10 processors
Load average: 4.99, Mach factor: 5.00
/bin/machine           = unknown
/usr/bin/oslevel       = unknown
/bin/universe          = unknown

PATH: /Applications/Xcode_14_0_1.app/Contents/Developer/Toolchains/XcodeDefault.xctoolchain/usr/bin/
PATH: /Applications/Xcode_14_0_1.app/Contents/Developer/Toolchains/XcodeDefault.xctoolchain/usr/bin/
PATH: /Applications/Xcode_14_0_1.app/Contents/Developer/Toolchains/XcodeDefault.xctoolchain/usr/appleinternal/bin/
PATH: /Applications/Xcode_14_0_1.app/Contents/Developer/Toolchains/XcodeDefault.xctoolchain/usr/local/bin/
PATH: /Applications/Xcode_14_0_1.app/Contents/Developer/Toolchains/XcodeDefault.xctoolchain/usr/libexec/
PATH: /Applications/Xcode_14_0_1.app/Contents/Developer/Platforms/MacOSX.platform/usr/bin/
PATH: /Applications/Xcode_14_0_1.app/Contents/Developer/Platforms/MacOSX.platform/usr/appleinternal/bin/
PATH: /Applications/Xcode_14_0_1.app/Contents/Developer/Platforms/MacOSX.platform/usr/local/bin/
PATH: /Applications/Xcode_14_0_1.app/Contents/Developer/Platforms/MacOSX.platform/Developer/usr/bin/
PATH: /Applications/Xcode_14_0_1.app/Contents/Developer/Platforms/MacOSX.platform/Developer/usr/local/bin/
PATH: /Applications/Xcode_14_0_1.app/Contents/Developer/usr/bin/
PATH: /Applications/Xcode_14_0_1.app/Contents/Developer/usr/local/bin/
PATH: /opt/homebrew/bin/
PATH: /opt/homebrew/sbin/
PATH: /usr/local/bin/
PATH: /System/Cryptexes/App/usr/bin/
PATH: /usr/bin/
PATH: /bin/
PATH: /usr/sbin/
PATH: /sbin/
PATH: /Library/Apple/usr/bin/


## ----------- ##
## Core tests. ##
## ----------- ##

configure:2520: looking for aux files: ltmain.sh compile ar-lib missing install-sh config.guess config.sub
configure:2533:  trying ./
configure:2562:   ./ltmain.sh found
configure:2562:   ./compile found
configure:2562:   ./ar-lib found
configure:2562:   ./missing found
configure:2544:   ./install-sh found
configure:2562:   ./config.guess found
configure:2562:   ./config.sub found
configure:2680: checking build system type
configure:2695: result: aarch64-apple-darwin22.1.0
configure:2715: checking host system type
configure:2729: result: x86_64-apple-darwin
configure:2767: checking for a BSD-compatible install
configure:2840: result: /usr/bin/install -c
configure:2851: checking whether build environment is sane
configure:2906: result: yes
configure:2962: checking for x86_64-apple-darwin-strip
configure:2997: result: no
configure:3007: checking for strip
configure:3028: found /Applications/Xcode_14_0_1.app/Contents/Developer/Toolchains/XcodeDefault.xctoolchain/usr/bin/strip
configure:3039: result: strip
configure:3051: WARNING: using cross tools not prefixed with host triplet
configure:3065: checking for a race-free mkdir -p
configure:3109: result: ./install-sh -c -d
configure:3116: checking for gawk
configure:3151: result: no
configure:3116: checking for mawk
configure:3151: result: no
configure:3116: checking for nawk
configure:3151: result: no
configure:3116: checking for awk
configure:3137: found /usr/bin/awk
configure:3148: result: awk
configure:3159: checking whether make sets $(MAKE)
configure:3182: result: yes
configure:3212: checking whether make supports nested variables
configure:3230: result: yes
configure:3380: checking whether make supports the include directive
configure:3395: make -f confmf.GNU && cat confinc.out
this is the am__doit target
configure:3398: $? = 0
configure:3417: result: yes (GNU style)
configure:3448: checking for x86_64-apple-darwin-gcc
configure:3483: result: no
configure:3493: checking for gcc
configure:3514: found /Applications/Xcode_14_0_1.app/Contents/Developer/usr/bin/gcc
configure:3525: result: gcc
configure:3878: checking for C compiler version
configure:3887: gcc --version >&5
Apple clang version 14.0.0 (clang-1400.0.29.102)
Target: arm64-apple-darwin22.1.0
Thread model: posix
InstalledDir: /Applications/Xcode_14_0_1.app/Contents/Developer/Toolchains/XcodeDefault.xctoolchain/usr/bin
configure:3898: $? = 0
configure:3887: gcc -v >&5
Apple clang version 14.0.0 (clang-1400.0.29.102)
Target: arm64-apple-darwin22.1.0
Thread model: posix
InstalledDir: /Applications/Xcode_14_0_1.app/Contents/Developer/Toolchains/XcodeDefault.xctoolchain/usr/bin
configure:3898: $? = 0
configure:3887: gcc -V >&5
clang: error: argument to '-V' is missing (expected 1 value)
clang: error: no input files
configure:3898: $? = 1
configure:3887: gcc -qversion >&5
clang: error: unknown argument '-qversion'; did you mean '--version'?
clang: error: no input files
configure:3898: $? = 1
configure:3887: gcc -version >&5
clang: error: unknown argument '-version'; did you mean '--version'?
clang: error: no input files
configure:3898: $? = 1
configure:3918: checking whether the C compiler works
configure:3940: gcc -arch x86_64 -pipe -isysroot /Applications/Xcode_14_0_1.app/Contents/Developer/Platforms/MacOSX.platform/Developer/SDKs/MacOSX.sdk -Os -DNDEBUG -mmacosx-version-min=10.11    conftest.c  >&5
configure:3944: $? = 0
configure:3994: result: yes
configure:3997: checking for C compiler default output file name
configure:3999: result: a.out
configure:4005: checking for suffix of executables
configure:4012: gcc -o conftest -arch x86_64 -pipe -isysroot /Applications/Xcode_14_0_1.app/Contents/Developer/Platforms/MacOSX.platform/Developer/SDKs/MacOSX.sdk -Os -DNDEBUG -mmacosx-version-min=10.11    conftest.c  >&5
configure:4016: $? = 0
configure:4039: result: 
configure:4061: checking whether we are cross compiling
configure:4099: result: yes
configure:4104: checking for suffix of object files
configure:4127: gcc -c -arch x86_64 -pipe -isysroot /Applications/Xcode_14_0_1.app/Contents/Developer/Platforms/MacOSX.platform/Developer/SDKs/MacOSX.sdk -Os -DNDEBUG -mmacosx-version-min=10.11   conftest.c >&5
configure:4131: $? = 0
configure:4153: result: o
configure:4157: checking whether the compiler supports GNU C
configure:4177: gcc -c -arch x86_64 -pipe -isysroot /Applications/Xcode_14_0_1.app/Contents/Developer/Platforms/MacOSX.platform/Developer/SDKs/MacOSX.sdk -Os -DNDEBUG -mmacosx-version-min=10.11   conftest.c >&5
configure:4177: $? = 0
configure:4187: result: yes
configure:4198: checking whether gcc accepts -g
configure:4219: gcc -c -g  conftest.c >&5
configure:4219: $? = 0
configure:4263: result: yes
configure:4283: checking for gcc option to enable C11 features
configure:4298: gcc  -c -arch x86_64 -pipe -isysroot /Applications/Xcode_14_0_1.app/Contents/Developer/Platforms/MacOSX.platform/Developer/SDKs/MacOSX.sdk -Os -DNDEBUG -mmacosx-version-min=10.11   conftest.c >&5
configure:4298: $? = 0
configure:4316: result: none needed
configure:4432: checking whether gcc understands -c and -o together
configure:4455: gcc -c conftest.c -o conftest2.o
configure:4458: $? = 0
configure:4455: gcc -c conftest.c -o conftest2.o
configure:4458: $? = 0
configure:4470: result: yes
configure:4489: checking dependency style of gcc
configure:4601: result: gcc3
configure:4623: checking for x86_64-apple-darwin-ar
configure:4658: result: no
configure:4623: checking for x86_64-apple-darwin-lib
configure:4658: result: no
configure:4623: checking for x86_64-apple-darwin-link
configure:4658: result: no
configure:4672: checking for ar
configure:4693: found /Applications/Xcode_14_0_1.app/Contents/Developer/Toolchains/XcodeDefault.xctoolchain/usr/bin/ar
configure:4704: result: ar
configure:4730: checking the archiver (ar) interface
configure:4747: gcc -c -arch x86_64 -pipe -isysroot /Applications/Xcode_14_0_1.app/Contents/Developer/Platforms/MacOSX.platform/Developer/SDKs/MacOSX.sdk -Os -DNDEBUG -mmacosx-version-min=10.11   conftest.c >&5
configure:4747: $? = 0
configure:4750: ar cru libconftest.a conftest.o >&5
configure:4753: $? = 0
configure:4781: result: ar
configure:4849: checking how to print strings
configure:4876: result: printf
configure:4897: checking for a sed that does not truncate output
configure:4967: result: /usr/bin/sed
configure:4985: checking for grep that handles long lines and -e
configure:5049: result: /usr/bin/grep
configure:5054: checking for egrep
configure:5122: result: /usr/bin/grep -E
configure:5127: checking for fgrep
configure:5195: result: /usr/bin/grep -F
configure:5231: checking for ld used by gcc
configure:5299: result: /Applications/Xcode_14_0_1.app/Contents/Developer/Toolchains/XcodeDefault.xctoolchain/usr/bin/ld
configure:5306: checking if the linker (/Applications/Xcode_14_0_1.app/Contents/Developer/Toolchains/XcodeDefault.xctoolchain/usr/bin/ld) is GNU ld
configure:5322: result: no
configure:5334: checking for BSD- or MS-compatible name lister (nm)
configure:5389: result: no
configure:5403: checking for x86_64-apple-darwin-dumpbin
configure:5438: result: no
configure:5403: checking for x86_64-apple-darwin-link
configure:5438: result: no
configure:5452: checking for dumpbin
configure:5487: result: no
configure:5452: checking for link
configure:5473: found /bin/link
configure:5484: result: link -dump
configure:5529: checking the name lister (nm) interface
configure:5537: gcc -c -arch x86_64 -pipe -isysroot /Applications/Xcode_14_0_1.app/Contents/Developer/Platforms/MacOSX.platform/Developer/SDKs/MacOSX.sdk -Os -DNDEBUG -mmacosx-version-min=10.11   conftest.c >&5
configure:5540: nm "conftest.o"
configure:5543: output
0000000000000000 S _some_variable
configure:5550: result: BSD nm
configure:5553: checking whether ln -s works
configure:5557: result: yes
configure:5565: checking the maximum length of command line arguments
configure:5697: result: 786432
configure:5745: checking how to convert aarch64-apple-darwin22.1.0 file names to x86_64-apple-darwin format
configure:5786: result: func_convert_file_noop
configure:5793: checking how to convert aarch64-apple-darwin22.1.0 file names to toolchain format
configure:5814: result: func_convert_file_noop
configure:5821: checking for /Applications/Xcode_14_0_1.app/Contents/Developer/Toolchains/XcodeDefault.xctoolchain/usr/bin/ld option to reload object files
configure:5829: result: -r
configure:5863: checking for x86_64-apple-darwin-objdump
configure:5898: result: no
configure:5908: checking for objdump
configure:5929: found /Applications/Xcode_14_0_1.app/Contents/Developer/Toolchains/XcodeDefault.xctoolchain/usr/bin/objdump
configure:5940: result: objdump
configure:5972: checking how to recognize dependent libraries
configure:6173: result: pass_all
configure:6218: checking for x86_64-apple-darwin-dlltool
configure:6253: result: no
configure:6263: checking for dlltool
configure:6298: result: no
configure:6328: checking how to associate runtime and link libraries
configure:6356: result: printf %s\n
configure:6372: checking for x86_64-apple-darwin-ar
configure:6404: result: ar
configure:6490: checking for archiver @FILE support
configure:6508: gcc -c -arch x86_64 -pipe -isysroot /Applications/Xcode_14_0_1.app/Contents/Developer/Platforms/MacOSX.platform/Developer/SDKs/MacOSX.sdk -Os -DNDEBUG -mmacosx-version-min=10.11   conftest.c >&5
configure:6508: $? = 0
configure:6512: ar cru libconftest.a @conftest.lst >&5
ar: @conftest.lst: No such file or directory
configure:6515: $? = 1
configure:6535: result: no
configure:6553: checking for x86_64-apple-darwin-strip
configure:6585: result: strip
configure:6662: checking for x86_64-apple-darwin-ranlib
configure:6697: result: no
configure:6707: checking for ranlib
configure:6728: found /Applications/Xcode_14_0_1.app/Contents/Developer/Toolchains/XcodeDefault.xctoolchain/usr/bin/ranlib
configure:6739: result: ranlib
configure:6841: checking command to parse nm output from gcc object
configure:6995: gcc -c -arch x86_64 -pipe -isysroot /Applications/Xcode_14_0_1.app/Contents/Developer/Platforms/MacOSX.platform/Developer/SDKs/MacOSX.sdk -Os -DNDEBUG -mmacosx-version-min=10.11   conftest.c >&5
configure:6998: $? = 0
configure:7002: nm conftest.o \| sed -n -e 's/^.*[ ]\([ABCDGIRSTW][ABCDGIRSTW]*\)[ ][ ]*\([_A-Za-z][_A-Za-z0-9]*\)$/\1 \2 \2/p' | sed '/ __gnu_lto/d' \> conftest.nm
configure:7005: $? = 0
cannot find nm_test_var in conftest.nm
configure:6995: gcc -c -arch x86_64 -pipe -isysroot /Applications/Xcode_14_0_1.app/Contents/Developer/Platforms/MacOSX.platform/Developer/SDKs/MacOSX.sdk -Os -DNDEBUG -mmacosx-version-min=10.11   conftest.c >&5
configure:6998: $? = 0
configure:7002: nm conftest.o \| sed -n -e 's/^.*[ ]\([ABCDGIRSTW][ABCDGIRSTW]*\)[ ][ ]*_\([_A-Za-z][_A-Za-z0-9]*\)$/\1 _\2 \2/p' | sed '/ __gnu_lto/d' \> conftest.nm
configure:7005: $? = 0
configure:7071: gcc -o conftest -arch x86_64 -pipe -isysroot /Applications/Xcode_14_0_1.app/Contents/Developer/Platforms/MacOSX.platform/Developer/SDKs/MacOSX.sdk -Os -DNDEBUG -mmacosx-version-min=10.11    conftest.c conftstm.o >&5
configure:7074: $? = 0
configure:7112: result: ok
configure:7159: checking for sysroot
configure:7190: result: no
configure:7197: checking for a working dd
configure:7241: result: /bin/dd
configure:7245: checking how to truncate binary pipes
configure:7261: result: /bin/dd bs=4096 count=1
configure:7553: checking for x86_64-apple-darwin-mt
configure:7588: result: no
configure:7598: checking for mt
configure:7633: result: no
configure:7653: checking if : is a manifest tool
configure:7660: : '-?'
configure:7668: result: no
configure:7684: checking for x86_64-apple-darwin-dsymutil
configure:7719: result: no
configure:7729: checking for dsymutil
configure:7750: found /Applications/Xcode_14_0_1.app/Contents/Developer/Toolchains/XcodeDefault.xctoolchain/usr/bin/dsymutil
configure:7761: result: dsymutil
configure:7786: checking for x86_64-apple-darwin-nmedit
configure:7821: result: no
configure:7831: checking for nmedit
configure:7852: found /Applications/Xcode_14_0_1.app/Contents/Developer/Toolchains/XcodeDefault.xctoolchain/usr/bin/nmedit
configure:7863: result: nmedit
configure:7888: checking for x86_64-apple-darwin-lipo
configure:7923: result: no
configure:7933: checking for lipo
configure:7954: found /Applications/Xcode_14_0_1.app/Contents/Developer/Toolchains/XcodeDefault.xctoolchain/usr/bin/lipo
configure:7965: result: lipo
configure:7990: checking for x86_64-apple-darwin-otool
configure:8025: result: no
configure:8035: checking for otool
configure:8056: found /Applications/Xcode_14_0_1.app/Contents/Developer/Toolchains/XcodeDefault.xctoolchain/usr/bin/otool
configure:8067: result: otool
configure:8092: checking for x86_64-apple-darwin-otool64
configure:8127: result: no
configure:8137: checking for otool64
configure:8172: result: no
configure:8217: checking for -single_module linker flag
gcc -arch x86_64 -pipe -isysroot /Applications/Xcode_14_0_1.app/Contents/Developer/Platforms/MacOSX.platform/Developer/SDKs/MacOSX.sdk -Os -DNDEBUG -mmacosx-version-min=10.11   -o libconftest.dylib -dynamiclib -Wl,-single_module conftest.c
configure:8251: result: yes
configure:8254: checking for -exported_symbols_list linker flag
configure:8275: gcc -o conftest -arch x86_64 -pipe -isysroot /Applications/Xcode_14_0_1.app/Contents/Developer/Platforms/MacOSX.platform/Developer/SDKs/MacOSX.sdk -Os -DNDEBUG -mmacosx-version-min=10.11    -Wl,-exported_symbols_list,conftest.sym conftest.c  >&5
configure:8275: $? = 0
configure:8286: result: yes
configure:8289: checking for -force_load linker flag
gcc -arch x86_64 -pipe -isysroot /Applications/Xcode_14_0_1.app/Contents/Developer/Platforms/MacOSX.platform/Developer/SDKs/MacOSX.sdk -Os -DNDEBUG -mmacosx-version-min=10.11  -c -o conftest.o conftest.c
ar cru libconftest.a conftest.o
ranlib libconftest.a
gcc -arch x86_64 -pipe -isysroot /Applications/Xcode_14_0_1.app/Contents/Developer/Platforms/MacOSX.platform/Developer/SDKs/MacOSX.sdk -Os -DNDEBUG -mmacosx-version-min=10.11   -o conftest conftest.c -Wl,-force_load,./libconftest.a
configure:8322: result: yes
configure:8393: checking for stdio.h
configure:8393: gcc -c -arch x86_64 -pipe -isysroot /Applications/Xcode_14_0_1.app/Contents/Developer/Platforms/MacOSX.platform/Developer/SDKs/MacOSX.sdk -Os -DNDEBUG -mmacosx-version-min=10.11   conftest.c >&5
configure:8393: $? = 0
configure:8393: result: yes
configure:8393: checking for stdlib.h
configure:8393: gcc -c -arch x86_64 -pipe -isysroot /Applications/Xcode_14_0_1.app/Contents/Developer/Platforms/MacOSX.platform/Developer/SDKs/MacOSX.sdk -Os -DNDEBUG -mmacosx-version-min=10.11   conftest.c >&5
configure:8393: $? = 0
configure:8393: result: yes
configure:8393: checking for string.h
configure:8393: gcc -c -arch x86_64 -pipe -isysroot /Applications/Xcode_14_0_1.app/Contents/Developer/Platforms/MacOSX.platform/Developer/SDKs/MacOSX.sdk -Os -DNDEBUG -mmacosx-version-min=10.11   conftest.c >&5
configure:8393: $? = 0
configure:8393: result: yes
configure:8393: checking for inttypes.h
configure:8393: gcc -c -arch x86_64 -pipe -isysroot /Applications/Xcode_14_0_1.app/Contents/Developer/Platforms/MacOSX.platform/Developer/SDKs/MacOSX.sdk -Os -DNDEBUG -mmacosx-version-min=10.11   conftest.c >&5
configure:8393: $? = 0
configure:8393: result: yes
configure:8393: checking for stdint.h
configure:8393: gcc -c -arch x86_64 -pipe -isysroot /Applications/Xcode_14_0_1.app/Contents/Developer/Platforms/MacOSX.platform/Developer/SDKs/MacOSX.sdk -Os -DNDEBUG -mmacosx-version-min=10.11   conftest.c >&5
configure:8393: $? = 0
configure:8393: result: yes
configure:8393: checking for strings.h
configure:8393: gcc -c -arch x86_64 -pipe -isysroot /Applications/Xcode_14_0_1.app/Contents/Developer/Platforms/MacOSX.platform/Developer/SDKs/MacOSX.sdk -Os -DNDEBUG -mmacosx-version-min=10.11   conftest.c >&5
configure:8393: $? = 0
configure:8393: result: yes
configure:8393: checking for sys/stat.h
configure:8393: gcc -c -arch x86_64 -pipe -isysroot /Applications/Xcode_14_0_1.app/Contents/Developer/Platforms/MacOSX.platform/Developer/SDKs/MacOSX.sdk -Os -DNDEBUG -mmacosx-version-min=10.11   conftest.c >&5
configure:8393: $? = 0
configure:8393: result: yes
configure:8393: checking for sys/types.h
configure:8393: gcc -c -arch x86_64 -pipe -isysroot /Applications/Xcode_14_0_1.app/Contents/Developer/Platforms/MacOSX.platform/Developer/SDKs/MacOSX.sdk -Os -DNDEBUG -mmacosx-version-min=10.11   conftest.c >&5
configure:8393: $? = 0
configure:8393: result: yes
configure:8393: checking for unistd.h
configure:8393: gcc -c -arch x86_64 -pipe -isysroot /Applications/Xcode_14_0_1.app/Contents/Developer/Platforms/MacOSX.platform/Developer/SDKs/MacOSX.sdk -Os -DNDEBUG -mmacosx-version-min=10.11   conftest.c >&5
configure:8393: $? = 0
configure:8393: result: yes
configure:8418: checking for dlfcn.h
configure:8418: gcc -c -arch x86_64 -pipe -isysroot /Applications/Xcode_14_0_1.app/Contents/Developer/Platforms/MacOSX.platform/Developer/SDKs/MacOSX.sdk -Os -DNDEBUG -mmacosx-version-min=10.11   conftest.c >&5
configure:8418: $? = 0
configure:8418: result: yes
configure:8677: checking for objdir
configure:8693: result: .libs
configure:8957: checking if gcc supports -fno-rtti -fno-exceptions
configure:8976: gcc -c -arch x86_64 -pipe -isysroot /Applications/Xcode_14_0_1.app/Contents/Developer/Platforms/MacOSX.platform/Developer/SDKs/MacOSX.sdk -Os -DNDEBUG -mmacosx-version-min=10.11   -fno-rtti -fno-exceptions conftest.c >&5
configure:8980: $? = 0
configure:8993: result: yes
configure:9351: checking for gcc option to produce PIC
configure:9359: result: -fno-common -DPIC
configure:9367: checking if gcc PIC flag -fno-common -DPIC works
configure:9386: gcc -c -arch x86_64 -pipe -isysroot /Applications/Xcode_14_0_1.app/Contents/Developer/Platforms/MacOSX.platform/Developer/SDKs/MacOSX.sdk -Os -DNDEBUG -mmacosx-version-min=10.11   -fno-common -DPIC -DPIC conftest.c >&5
configure:9390: $? = 0
configure:9403: result: yes
configure:9432: checking if gcc static flag -static works
configure:9461: result: no
configure:9476: checking if gcc supports -c -o file.o
configure:9498: gcc -c -arch x86_64 -pipe -isysroot /Applications/Xcode_14_0_1.app/Contents/Developer/Platforms/MacOSX.platform/Developer/SDKs/MacOSX.sdk -Os -DNDEBUG -mmacosx-version-min=10.11   -o out/conftest2.o conftest.c >&5
configure:9502: $? = 0
configure:9524: result: yes
configure:9532: checking if gcc supports -c -o file.o
configure:9580: result: yes
configure:9613: checking whether the gcc linker (/Applications/Xcode_14_0_1.app/Contents/Developer/Toolchains/XcodeDefault.xctoolchain/usr/bin/ld) supports shared libraries
configure:10879: result: yes
configure:11120: checking dynamic linker characteristics
configure:11941: result: darwin dyld
configure:12063: checking how to hardcode library paths into programs
configure:12088: result: immediate
configure:12640: checking whether stripping libraries is possible
configure:12654: result: yes
configure:12680: checking if libtool supports shared libraries
configure:12682: result: yes
configure:12685: checking whether to build shared libraries
configure:12710: result: no
configure:12713: checking whether to build static libraries
configure:12717: result: yes
configure:12754: checking for a sed that does not truncate output
configure:12824: result: /usr/bin/sed
configure:12843: checking whether make supports nested variables
configure:12861: result: yes
configure:12873: checking whether byte ordering is bigendian
configure:12889: gcc -c -arch x86_64 -pipe -isysroot /Applications/Xcode_14_0_1.app/Contents/Developer/Platforms/MacOSX.platform/Developer/SDKs/MacOSX.sdk -Os -DNDEBUG -mmacosx-version-min=10.11   conftest.c >&5
configure:12889: $? = 0
configure:12935: gcc -c -arch x86_64 -pipe -isysroot /Applications/Xcode_14_0_1.app/Contents/Developer/Platforms/MacOSX.platform/Developer/SDKs/MacOSX.sdk -Os -DNDEBUG -mmacosx-version-min=10.11   conftest.c >&5
configure:12935: $? = 0
configure:12954: gcc -c -arch x86_64 -pipe -isysroot /Applications/Xcode_14_0_1.app/Contents/Developer/Platforms/MacOSX.platform/Developer/SDKs/MacOSX.sdk -Os -DNDEBUG -mmacosx-version-min=10.11   conftest.c >&5
conftest.c:30:4: error: use of undeclared identifier 'not'
                 not big endian
                 ^
1 error generated.
configure:12954: $? = 1
configure: failed program was:
| /* confdefs.h */
| #define PACKAGE_NAME "libwebp"
| #define PACKAGE_TARNAME "libwebp"
| #define PACKAGE_VERSION "1.1.0"
| #define PACKAGE_STRING "libwebp 1.1.0"
| #define PACKAGE_BUGREPORT "https://bugs.chromium.org/p/webp"
| #define PACKAGE_URL "http://developers.google.com/speed/webp"
| #define PACKAGE "libwebp"
| #define VERSION "1.1.0"
| #define HAVE_STDIO_H 1
| #define HAVE_STDLIB_H 1
| #define HAVE_STRING_H 1
| #define HAVE_INTTYPES_H 1
| #define HAVE_STDINT_H 1
| #define HAVE_STRINGS_H 1
| #define HAVE_SYS_STAT_H 1
| #define HAVE_SYS_TYPES_H 1
| #define HAVE_UNISTD_H 1
| #define STDC_HEADERS 1
| #define HAVE_DLFCN_H 1
| #define LT_OBJDIR ".libs/"
| /* end confdefs.h.  */
| #include <sys/types.h>
| 		#include <sys/param.h>
| 
| int
| main (void)
| {
| #if BYTE_ORDER != BIG_ENDIAN
| 		 not big endian
| 		#endif
| 
|   ;
|   return 0;
| }
configure:13088: result: no
configure:13120: checking whether asserts are enabled
configure:13131: result: no
configure:13149: checking whether gcc supports -fvisibility=hidden
configure:13155: gcc -c -Werror -fvisibility=hidden  conftest.c >&5
configure:13155: $? = 0
configure:13157: result: yes
configure:13168: checking whether gcc supports -Wall
configure:13174: gcc -c -Werror -Wall  conftest.c >&5
configure:13174: $? = 0
configure:13176: result: yes
configure:13187: checking whether gcc supports -Wconstant-conversion
configure:13193: gcc -c -Werror -Wconstant-conversion  conftest.c >&5
configure:13193: $? = 0
configure:13195: result: yes
configure:13206: checking whether gcc supports -Wdeclaration-after-statement
configure:13212: gcc -c -Werror -Wdeclaration-after-statement  conftest.c >&5
configure:13212: $? = 0
configure:13214: result: yes
configure:13225: checking whether gcc supports -Wextra
configure:13231: gcc -c -Werror -Wextra  conftest.c >&5
configure:13231: $? = 0
configure:13233: result: yes
configure:13244: checking whether gcc supports -Wfloat-conversion
configure:13250: gcc -c -Werror -Wfloat-conversion  conftest.c >&5
configure:13250: $? = 0
configure:13252: result: yes
configure:13263: checking whether gcc supports -Wformat -Wformat-nonliteral
configure:13269: gcc -c -Werror -Wformat -Wformat-nonliteral  conftest.c >&5
configure:13269: $? = 0
configure:13271: result: yes
configure:13282: checking whether gcc supports -Wformat -Wformat-security
configure:13288: gcc -c -Werror -Wformat -Wformat-security  conftest.c >&5
configure:13288: $? = 0
configure:13290: result: yes
configure:13301: checking whether gcc supports -Wmissing-declarations
configure:13307: gcc -c -Werror -Wmissing-declarations  conftest.c >&5
configure:13307: $? = 0
configure:13309: result: yes
configure:13320: checking whether gcc supports -Wmissing-prototypes
configure:13326: gcc -c -Werror -Wmissing-prototypes  conftest.c >&5
configure:13326: $? = 0
configure:13328: result: yes
configure:13339: checking whether gcc supports -Wold-style-definition
configure:13345: gcc -c -Werror -Wold-style-definition  conftest.c >&5
configure:13345: $? = 0
configure:13347: result: yes
configure:13358: checking whether gcc supports -Wparentheses-equality
configure:13364: gcc -c -Werror -Wparentheses-equality  conftest.c >&5
configure:13364: $? = 0
configure:13366: result: yes
configure:13377: checking whether gcc supports -Wshadow
configure:13383: gcc -c -Werror -Wshadow  conftest.c >&5
configure:13383: $? = 0
configure:13385: result: yes
configure:13396: checking whether gcc supports -Wshorten-64-to-32
configure:13402: gcc -c -Werror -Wshorten-64-to-32  conftest.c >&5
configure:13402: $? = 0
configure:13404: result: yes
configure:13415: checking whether gcc supports -Wundef
configure:13421: gcc -c -Werror -Wundef  conftest.c >&5
configure:13421: $? = 0
configure:13423: result: yes
configure:13434: checking whether gcc supports -Wunreachable-code-aggressive
configure:13440: gcc -c -Werror -Wunreachable-code-aggressive  conftest.c >&5
configure:13440: $? = 0
configure:13442: result: yes
configure:13453: checking whether gcc supports -Wunreachable-code
configure:13459: gcc -c -Werror -Wunreachable-code  conftest.c >&5
configure:13459: $? = 0
configure:13461: result: yes
configure:13472: checking whether gcc supports -Wunused-but-set-variable
configure:13478: gcc -c -Werror -Wunused-but-set-variable  conftest.c >&5
configure:13478: $? = 0
configure:13480: result: yes
configure:13491: checking whether gcc supports -Wunused
configure:13497: gcc -c -Werror -Wunused  conftest.c >&5
configure:13497: $? = 0
configure:13499: result: yes
configure:13510: checking whether gcc supports -Wvla
configure:13516: gcc -c -Werror -Wvla  conftest.c >&5
configure:13516: $? = 0
configure:13518: result: yes
configure:13584: gcc -c -arch x86_64 -pipe -isysroot /Applications/Xcode_14_0_1.app/Contents/Developer/Platforms/MacOSX.platform/Developer/SDKs/MacOSX.sdk -Os -DNDEBUG -mmacosx-version-min=10.11   conftest.c >&5
configure:13584: $? = 0
configure:13627: checking whether gcc supports -msse4.1
configure:13633: gcc -c -Werror -msse4.1  conftest.c >&5
clang: warning: argument unused during compilation: '-msse4.1' [-Wunused-command-line-argument]
configure:13633: $? = 0
configure:13635: result: yes
configure:13649: checking for smmintrin.h
configure:13649: gcc -c -arch x86_64 -pipe -isysroot /Applications/Xcode_14_0_1.app/Contents/Developer/Platforms/MacOSX.platform/Developer/SDKs/MacOSX.sdk -Os -DNDEBUG -mmacosx-version-min=10.11    -msse4.1  conftest.c >&5
configure:13649: $? = 0
configure:13649: result: yes
configure:13677: checking whether gcc supports -msse2
configure:13683: gcc -c -Werror -msse2  conftest.c >&5
clang: warning: argument unused during compilation: '-msse2' [-Wunused-command-line-argument]
configure:13683: $? = 0
configure:13685: result: yes
configure:13699: checking for emmintrin.h
configure:13699: gcc -c -arch x86_64 -pipe -isysroot /Applications/Xcode_14_0_1.app/Contents/Developer/Platforms/MacOSX.platform/Developer/SDKs/MacOSX.sdk -Os -DNDEBUG -mmacosx-version-min=10.11    -msse2  conftest.c >&5
configure:13699: $? = 0
configure:13699: result: yes
configure:13856: checking for __builtin_bswap16
configure:13869: gcc -o conftest -arch x86_64 -pipe -isysroot /Applications/Xcode_14_0_1.app/Contents/Developer/Platforms/MacOSX.platform/Developer/SDKs/MacOSX.sdk -Os -DNDEBUG -mmacosx-version-min=10.11    conftest.c  >&5
configure:13869: $? = 0
configure:13871: result: yes
configure:13894: checking for __builtin_bswap32
configure:13907: gcc -o conftest -arch x86_64 -pipe -isysroot /Applications/Xcode_14_0_1.app/Contents/Developer/Platforms/MacOSX.platform/Developer/SDKs/MacOSX.sdk -Os -DNDEBUG -mmacosx-version-min=10.11    conftest.c  >&5
configure:13907: $? = 0
configure:13909: result: yes
configure:13932: checking for __builtin_bswap64
configure:13945: gcc -o conftest -arch x86_64 -pipe -isysroot /Applications/Xcode_14_0_1.app/Contents/Developer/Platforms/MacOSX.platform/Developer/SDKs/MacOSX.sdk -Os -DNDEBUG -mmacosx-version-min=10.11    conftest.c  >&5
configure:13945: $? = 0
configure:13947: result: yes
configure:13974: checking for threading support...
configure:14086: checking if compiler needs -Werror to reject unknown flags
configure:14102: gcc -c -arch x86_64 -pipe -isysroot /Applications/Xcode_14_0_1.app/Contents/Developer/Platforms/MacOSX.platform/Developer/SDKs/MacOSX.sdk -Os -DNDEBUG -mmacosx-version-min=10.11  -Werror -Wunknown-warning-option -Wsizeof-array-argument  conftest.c >&5
configure:14102: $? = 0
configure:14104: result: yes
configure:14124: checking whether pthreads work with -pthread
configure:14217: gcc -o conftest -arch x86_64 -pipe -isysroot /Applications/Xcode_14_0_1.app/Contents/Developer/Platforms/MacOSX.platform/Developer/SDKs/MacOSX.sdk -Os -DNDEBUG -mmacosx-version-min=10.11  -pthread -Werror   conftest.c   >&5
configure:14217: $? = 0
configure:14227: result: yes
configure:14246: checking for joinable pthread attribute
configure:14261: gcc -o conftest -arch x86_64 -pipe -isysroot /Applications/Xcode_14_0_1.app/Contents/Developer/Platforms/MacOSX.platform/Developer/SDKs/MacOSX.sdk -Os -DNDEBUG -mmacosx-version-min=10.11  -pthread   conftest.c   >&5
configure:14261: $? = 0
configure:14268: result: PTHREAD_CREATE_JOINABLE
configure:14276: checking if more special flags are required for pthreads
configure:14291: result: -D_THREAD_SAFE
configure:14297: checking for PTHREAD_PRIO_INHERIT
configure:14315: gcc -o conftest -arch x86_64 -pipe -isysroot /Applications/Xcode_14_0_1.app/Contents/Developer/Platforms/MacOSX.platform/Developer/SDKs/MacOSX.sdk -Os -DNDEBUG -mmacosx-version-min=10.11  -pthread   conftest.c   >&5
configure:14315: $? = 0
configure:14325: result: yes
configure:14445: checking if threading is enabled... yes
configure:14490: checking whether gcc supports -Wno-deprecated-declarations
configure:14496: gcc -c -Werror -Wno-deprecated-declarations   conftest.c >&5
configure:14496: $? = 0
configure:14498: result: yes
configure:14526: checking for GL/glut.h
configure:14526: gcc -c -arch x86_64 -pipe -isysroot /Applications/Xcode_14_0_1.app/Contents/Developer/Platforms/MacOSX.platform/Developer/SDKs/MacOSX.sdk -Os -DNDEBUG -mmacosx-version-min=10.11  -D_THREAD_SAFE -pthread   conftest.c >&5
conftest.c:58:10: fatal error: 'GL/glut.h' file not found
#include <GL/glut.h>
         ^~~~~~~~~~~
1 error generated.
configure:14526: $? = 1
configure: failed program was:
| /* confdefs.h */
| #define PACKAGE_NAME "libwebp"
| #define PACKAGE_TARNAME "libwebp"
| #define PACKAGE_VERSION "1.1.0"
| #define PACKAGE_STRING "libwebp 1.1.0"
| #define PACKAGE_BUGREPORT "https://bugs.chromium.org/p/webp"
| #define PACKAGE_URL "http://developers.google.com/speed/webp"
| #define PACKAGE "libwebp"
| #define VERSION "1.1.0"
| #define HAVE_STDIO_H 1
| #define HAVE_STDLIB_H 1
| #define HAVE_STRING_H 1
| #define HAVE_INTTYPES_H 1
| #define HAVE_STDINT_H 1
| #define HAVE_STRINGS_H 1
| #define HAVE_SYS_STAT_H 1
| #define HAVE_SYS_TYPES_H 1
| #define HAVE_UNISTD_H 1
| #define STDC_HEADERS 1
| #define HAVE_DLFCN_H 1
| #define LT_OBJDIR ".libs/"
| #define WEBP_HAVE_SSE41 1
| #define WEBP_HAVE_SSE2 1
| #define HAVE_BUILTIN_BSWAP16 1
| #define HAVE_BUILTIN_BSWAP32 1
| #define HAVE_BUILTIN_BSWAP64 1
| #define HAVE_PTHREAD_PRIO_INHERIT 1
| #define WEBP_USE_THREAD 1
| /* end confdefs.h.  */
| #include <stddef.h>
| #ifdef HAVE_STDIO_H
| # include <stdio.h>
| #endif
| #ifdef HAVE_STDLIB_H
| # include <stdlib.h>
| #endif
| #ifdef HAVE_STRING_H
| # include <string.h>
| #endif
| #ifdef HAVE_INTTYPES_H
| # include <inttypes.h>
| #endif
| #ifdef HAVE_STDINT_H
| # include <stdint.h>
| #endif
| #ifdef HAVE_STRINGS_H
| # include <strings.h>
| #endif
| #ifdef HAVE_SYS_TYPES_H
| # include <sys/types.h>
| #endif
| #ifdef HAVE_SYS_STAT_H
| # include <sys/stat.h>
| #endif
| #ifdef HAVE_UNISTD_H
| # include <unistd.h>
| #endif
| #include <GL/glut.h>
configure:14526: result: no
configure:14526: checking for GLUT/glut.h
configure:14526: gcc -c -arch x86_64 -pipe -isysroot /Applications/Xcode_14_0_1.app/Contents/Developer/Platforms/MacOSX.platform/Developer/SDKs/MacOSX.sdk -Os -DNDEBUG -mmacosx-version-min=10.11  -D_THREAD_SAFE -pthread   conftest.c >&5
configure:14526: $? = 0
configure:14526: result: yes
configure:14565: checking for library containing glBegin
configure:14595: gcc -o conftest -arch x86_64 -pipe -isysroot /Applications/Xcode_14_0_1.app/Contents/Developer/Platforms/MacOSX.platform/Developer/SDKs/MacOSX.sdk -Os -DNDEBUG -mmacosx-version-min=10.11  -D_THREAD_SAFE -pthread    conftest.c    >&5
Undefined symbols for architecture x86_64:
  "_glBegin", referenced from:
      _main in conftest-be4f67.o
ld: symbol(s) not found for architecture x86_64
clang: error: linker command failed with exit code 1 (use -v to see invocation)
configure:14595: $? = 1
configure: failed program was:
| /* confdefs.h */
| #define PACKAGE_NAME "libwebp"
| #define PACKAGE_TARNAME "libwebp"
| #define PACKAGE_VERSION "1.1.0"
| #define PACKAGE_STRING "libwebp 1.1.0"
| #define PACKAGE_BUGREPORT "https://bugs.chromium.org/p/webp"
| #define PACKAGE_URL "http://developers.google.com/speed/webp"
| #define PACKAGE "libwebp"
| #define VERSION "1.1.0"
| #define HAVE_STDIO_H 1
| #define HAVE_STDLIB_H 1
| #define HAVE_STRING_H 1
| #define HAVE_INTTYPES_H 1
| #define HAVE_STDINT_H 1
| #define HAVE_STRINGS_H 1
| #define HAVE_SYS_STAT_H 1
| #define HAVE_SYS_TYPES_H 1
| #define HAVE_UNISTD_H 1
| #define STDC_HEADERS 1
| #define HAVE_DLFCN_H 1
| #define LT_OBJDIR ".libs/"
| #define WEBP_HAVE_SSE41 1
| #define WEBP_HAVE_SSE2 1
| #define HAVE_BUILTIN_BSWAP16 1
| #define HAVE_BUILTIN_BSWAP32 1
| #define HAVE_BUILTIN_BSWAP64 1
| #define HAVE_PTHREAD_PRIO_INHERIT 1
| #define WEBP_USE_THREAD 1
| #define HAVE_GLUT_GLUT_H 1
| /* end confdefs.h.  */
| 
| /* Override any GCC internal prototype to avoid an error.
|    Use char because int might match the return type of a GCC
|    builtin and then its argument prototype would still apply.  */
| char glBegin ();
| int
| main (void)
| {
| return glBegin ();
|   ;
|   return 0;
| }
configure:14595: gcc -o conftest -arch x86_64 -pipe -isysroot /Applications/Xcode_14_0_1.app/Contents/Developer/Platforms/MacOSX.platform/Developer/SDKs/MacOSX.sdk -Os -DNDEBUG -mmacosx-version-min=10.11  -D_THREAD_SAFE -pthread    conftest.c -lGL     >&5
ld: library not found for -lGL
clang: error: linker command failed with exit code 1 (use -v to see invocation)
configure:14595: $? = 1
configure: failed program was:
| /* confdefs.h */
| #define PACKAGE_NAME "libwebp"
| #define PACKAGE_TARNAME "libwebp"
| #define PACKAGE_VERSION "1.1.0"
| #define PACKAGE_STRING "libwebp 1.1.0"
| #define PACKAGE_BUGREPORT "https://bugs.chromium.org/p/webp"
| #define PACKAGE_URL "http://developers.google.com/speed/webp"
| #define PACKAGE "libwebp"
| #define VERSION "1.1.0"
| #define HAVE_STDIO_H 1
| #define HAVE_STDLIB_H 1
| #define HAVE_STRING_H 1
| #define HAVE_INTTYPES_H 1
| #define HAVE_STDINT_H 1
| #define HAVE_STRINGS_H 1
| #define HAVE_SYS_STAT_H 1
| #define HAVE_SYS_TYPES_H 1
| #define HAVE_UNISTD_H 1
| #define STDC_HEADERS 1
| #define HAVE_DLFCN_H 1
| #define LT_OBJDIR ".libs/"
| #define WEBP_HAVE_SSE41 1
| #define WEBP_HAVE_SSE2 1
| #define HAVE_BUILTIN_BSWAP16 1
| #define HAVE_BUILTIN_BSWAP32 1
| #define HAVE_BUILTIN_BSWAP64 1
| #define HAVE_PTHREAD_PRIO_INHERIT 1
| #define WEBP_USE_THREAD 1
| #define HAVE_GLUT_GLUT_H 1
| /* end confdefs.h.  */
| 
| /* Override any GCC internal prototype to avoid an error.
|    Use char because int might match the return type of a GCC
|    builtin and then its argument prototype would still apply.  */
| char glBegin ();
| int
| main (void)
| {
| return glBegin ();
|   ;
|   return 0;
| }
configure:14595: gcc -o conftest -arch x86_64 -pipe -isysroot /Applications/Xcode_14_0_1.app/Contents/Developer/Platforms/MacOSX.platform/Developer/SDKs/MacOSX.sdk -Os -DNDEBUG -mmacosx-version-min=10.11  -D_THREAD_SAFE -pthread    conftest.c -lOpenGL     >&5
ld: library not found for -lOpenGL
clang: error: linker command failed with exit code 1 (use -v to see invocation)
configure:14595: $? = 1
configure: failed program was:
| /* confdefs.h */
| #define PACKAGE_NAME "libwebp"
| #define PACKAGE_TARNAME "libwebp"
| #define PACKAGE_VERSION "1.1.0"
| #define PACKAGE_STRING "libwebp 1.1.0"
| #define PACKAGE_BUGREPORT "https://bugs.chromium.org/p/webp"
| #define PACKAGE_URL "http://developers.google.com/speed/webp"
| #define PACKAGE "libwebp"
| #define VERSION "1.1.0"
| #define HAVE_STDIO_H 1
| #define HAVE_STDLIB_H 1
| #define HAVE_STRING_H 1
| #define HAVE_INTTYPES_H 1
| #define HAVE_STDINT_H 1
| #define HAVE_STRINGS_H 1
| #define HAVE_SYS_STAT_H 1
| #define HAVE_SYS_TYPES_H 1
| #define HAVE_UNISTD_H 1
| #define STDC_HEADERS 1
| #define HAVE_DLFCN_H 1
| #define LT_OBJDIR ".libs/"
| #define WEBP_HAVE_SSE41 1
| #define WEBP_HAVE_SSE2 1
| #define HAVE_BUILTIN_BSWAP16 1
| #define HAVE_BUILTIN_BSWAP32 1
| #define HAVE_BUILTIN_BSWAP64 1
| #define HAVE_PTHREAD_PRIO_INHERIT 1
| #define WEBP_USE_THREAD 1
| #define HAVE_GLUT_GLUT_H 1
| /* end confdefs.h.  */
| 
| /* Override any GCC internal prototype to avoid an error.
|    Use char because int might match the return type of a GCC
|    builtin and then its argument prototype would still apply.  */
| char glBegin ();
| int
| main (void)
| {
| return glBegin ();
|   ;
|   return 0;
| }
configure:14595: gcc -o conftest -arch x86_64 -pipe -isysroot /Applications/Xcode_14_0_1.app/Contents/Developer/Platforms/MacOSX.platform/Developer/SDKs/MacOSX.sdk -Os -DNDEBUG -mmacosx-version-min=10.11  -D_THREAD_SAFE -pthread    conftest.c -lopengl32     >&5
ld: library not found for -lopengl32
clang: error: linker command failed with exit code 1 (use -v to see invocation)
configure:14595: $? = 1
configure: failed program was:
| /* confdefs.h */
| #define PACKAGE_NAME "libwebp"
| #define PACKAGE_TARNAME "libwebp"
| #define PACKAGE_VERSION "1.1.0"
| #define PACKAGE_STRING "libwebp 1.1.0"
| #define PACKAGE_BUGREPORT "https://bugs.chromium.org/p/webp"
| #define PACKAGE_URL "http://developers.google.com/speed/webp"
| #define PACKAGE "libwebp"
| #define VERSION "1.1.0"
| #define HAVE_STDIO_H 1
| #define HAVE_STDLIB_H 1
| #define HAVE_STRING_H 1
| #define HAVE_INTTYPES_H 1
| #define HAVE_STDINT_H 1
| #define HAVE_STRINGS_H 1
| #define HAVE_SYS_STAT_H 1
| #define HAVE_SYS_TYPES_H 1
| #define HAVE_UNISTD_H 1
| #define STDC_HEADERS 1
| #define HAVE_DLFCN_H 1
| #define LT_OBJDIR ".libs/"
| #define WEBP_HAVE_SSE41 1
| #define WEBP_HAVE_SSE2 1
| #define HAVE_BUILTIN_BSWAP16 1
| #define HAVE_BUILTIN_BSWAP32 1
| #define HAVE_BUILTIN_BSWAP64 1
| #define HAVE_PTHREAD_PRIO_INHERIT 1
| #define WEBP_USE_THREAD 1
| #define HAVE_GLUT_GLUT_H 1
| /* end confdefs.h.  */
| 
| /* Override any GCC internal prototype to avoid an error.
|    Use char because int might match the return type of a GCC
|    builtin and then its argument prototype would still apply.  */
| char glBegin ();
| int
| main (void)
| {
| return glBegin ();
|   ;
|   return 0;
| }
configure:14615: result: no
configure:14653: gcc -o conftest -arch x86_64 -pipe -isysroot /Applications/Xcode_14_0_1.app/Contents/Developer/Platforms/MacOSX.platform/Developer/SDKs/MacOSX.sdk -Os -DNDEBUG -mmacosx-version-min=10.11  -D_THREAD_SAFE -pthread    conftest.c  >&5
Undefined symbols for architecture x86_64:
  "_glOrtho", referenced from:
      _main in conftest-d9f4be.o
  "_glutMainLoop", referenced from:
      _main in conftest-d9f4be.o
ld: symbol(s) not found for architecture x86_64
clang: error: linker command failed with exit code 1 (use -v to see invocation)
configure:14653: $? = 1
configure: failed program was:
| /* confdefs.h */
| #define PACKAGE_NAME "libwebp"
| #define PACKAGE_TARNAME "libwebp"
| #define PACKAGE_VERSION "1.1.0"
| #define PACKAGE_STRING "libwebp 1.1.0"
| #define PACKAGE_BUGREPORT "https://bugs.chromium.org/p/webp"
| #define PACKAGE_URL "http://developers.google.com/speed/webp"
| #define PACKAGE "libwebp"
| #define VERSION "1.1.0"
| #define HAVE_STDIO_H 1
| #define HAVE_STDLIB_H 1
| #define HAVE_STRING_H 1
| #define HAVE_INTTYPES_H 1
| #define HAVE_STDINT_H 1
| #define HAVE_STRINGS_H 1
| #define HAVE_SYS_STAT_H 1
| #define HAVE_SYS_TYPES_H 1
| #define HAVE_UNISTD_H 1
| #define STDC_HEADERS 1
| #define HAVE_DLFCN_H 1
| #define LT_OBJDIR ".libs/"
| #define WEBP_HAVE_SSE41 1
| #define WEBP_HAVE_SSE2 1
| #define HAVE_BUILTIN_BSWAP16 1
| #define HAVE_BUILTIN_BSWAP32 1
| #define HAVE_BUILTIN_BSWAP64 1
| #define HAVE_PTHREAD_PRIO_INHERIT 1
| #define WEBP_USE_THREAD 1
| #define HAVE_GLUT_GLUT_H 1
| /* end confdefs.h.  */
| 
|              #ifdef __cplusplus
|              # define EXTERN_C extern "C"
|              #else
|              # define EXTERN_C
|              #endif
|              EXTERN_C char glOrtho();
|              EXTERN_C char glutMainLoop();
| 
| int
| main (void)
| {
| 
|              glOrtho();
|              glutMainLoop();
| 
|   ;
|   return 0;
| }
| 
configure:14653: gcc -o conftest -arch x86_64 -pipe -isysroot /Applications/Xcode_14_0_1.app/Contents/Developer/Platforms/MacOSX.platform/Developer/SDKs/MacOSX.sdk -Os -DNDEBUG -mmacosx-version-min=10.11  -D_THREAD_SAFE -pthread    conftest.c -lglut >&5
ld: library not found for -lglut
clang: error: linker command failed with exit code 1 (use -v to see invocation)
configure:14653: $? = 1
configure: failed program was:
| /* confdefs.h */
| #define PACKAGE_NAME "libwebp"
| #define PACKAGE_TARNAME "libwebp"
| #define PACKAGE_VERSION "1.1.0"
| #define PACKAGE_STRING "libwebp 1.1.0"
| #define PACKAGE_BUGREPORT "https://bugs.chromium.org/p/webp"
| #define PACKAGE_URL "http://developers.google.com/speed/webp"
| #define PACKAGE "libwebp"
| #define VERSION "1.1.0"
| #define HAVE_STDIO_H 1
| #define HAVE_STDLIB_H 1
| #define HAVE_STRING_H 1
| #define HAVE_INTTYPES_H 1
| #define HAVE_STDINT_H 1
| #define HAVE_STRINGS_H 1
| #define HAVE_SYS_STAT_H 1
| #define HAVE_SYS_TYPES_H 1
| #define HAVE_UNISTD_H 1
| #define STDC_HEADERS 1
| #define HAVE_DLFCN_H 1
| #define LT_OBJDIR ".libs/"
| #define WEBP_HAVE_SSE41 1
| #define WEBP_HAVE_SSE2 1
| #define HAVE_BUILTIN_BSWAP16 1
| #define HAVE_BUILTIN_BSWAP32 1
| #define HAVE_BUILTIN_BSWAP64 1
| #define HAVE_PTHREAD_PRIO_INHERIT 1
| #define WEBP_USE_THREAD 1
| #define HAVE_GLUT_GLUT_H 1
| /* end confdefs.h.  */
| 
|              #ifdef __cplusplus
|              # define EXTERN_C extern "C"
|              #else
|              # define EXTERN_C
|              #endif
|              EXTERN_C char glOrtho();
|              EXTERN_C char glutMainLoop();
| 
| int
| main (void)
| {
| 
|              glOrtho();
|              glutMainLoop();
| 
|   ;
|   return 0;
| }
| 
configure:14653: gcc -o conftest -arch x86_64 -pipe -isysroot /Applications/Xcode_14_0_1.app/Contents/Developer/Platforms/MacOSX.platform/Developer/SDKs/MacOSX.sdk -Os -DNDEBUG -mmacosx-version-min=10.11  -D_THREAD_SAFE -pthread    conftest.c -lglut no >&5
clang: error: no such file or directory: 'no'
configure:14653: $? = 1
configure: failed program was:
| /* confdefs.h */
| #define PACKAGE_NAME "libwebp"
| #define PACKAGE_TARNAME "libwebp"
| #define PACKAGE_VERSION "1.1.0"
| #define PACKAGE_STRING "libwebp 1.1.0"
| #define PACKAGE_BUGREPORT "https://bugs.chromium.org/p/webp"
| #define PACKAGE_URL "http://developers.google.com/speed/webp"
| #define PACKAGE "libwebp"
| #define VERSION "1.1.0"
| #define HAVE_STDIO_H 1
| #define HAVE_STDLIB_H 1
| #define HAVE_STRING_H 1
| #define HAVE_INTTYPES_H 1
| #define HAVE_STDINT_H 1
| #define HAVE_STRINGS_H 1
| #define HAVE_SYS_STAT_H 1
| #define HAVE_SYS_TYPES_H 1
| #define HAVE_UNISTD_H 1
| #define STDC_HEADERS 1
| #define HAVE_DLFCN_H 1
| #define LT_OBJDIR ".libs/"
| #define WEBP_HAVE_SSE41 1
| #define WEBP_HAVE_SSE2 1
| #define HAVE_BUILTIN_BSWAP16 1
| #define HAVE_BUILTIN_BSWAP32 1
| #define HAVE_BUILTIN_BSWAP64 1
| #define HAVE_PTHREAD_PRIO_INHERIT 1
| #define WEBP_USE_THREAD 1
| #define HAVE_GLUT_GLUT_H 1
| /* end confdefs.h.  */
| 
|              #ifdef __cplusplus
|              # define EXTERN_C extern "C"
|              #else
|              # define EXTERN_C
|              #endif
|              EXTERN_C char glOrtho();
|              EXTERN_C char glutMainLoop();
| 
| int
| main (void)
| {
| 
|              glOrtho();
|              glutMainLoop();
| 
|   ;
|   return 0;
| }
| 
configure:14565: checking for library containing glBegin
configure:14595: gcc -o conftest -arch x86_64 -pipe -isysroot /Applications/Xcode_14_0_1.app/Contents/Developer/Platforms/MacOSX.platform/Developer/SDKs/MacOSX.sdk -Os -DNDEBUG -mmacosx-version-min=10.11  -D_THREAD_SAFE -pthread   -framework GLUT -framework OpenGL  conftest.c    >&5
configure:14595: $? = 0
configure:14615: result: none required
configure:14653: gcc -o conftest -arch x86_64 -pipe -isysroot /Applications/Xcode_14_0_1.app/Contents/Developer/Platforms/MacOSX.platform/Developer/SDKs/MacOSX.sdk -Os -DNDEBUG -mmacosx-version-min=10.11  -D_THREAD_SAFE -pthread   -framework GLUT -framework OpenGL  conftest.c  >&5
configure:14653: $? = 0
configure:14714: checking for sdl-config
configure:14752: result: no
configure:14785: checking for SDL/SDL.h
configure:14785: gcc -c -arch x86_64 -pipe -isysroot /Applications/Xcode_14_0_1.app/Contents/Developer/Platforms/MacOSX.platform/Developer/SDKs/MacOSX.sdk -Os -DNDEBUG -mmacosx-version-min=10.11  -D_THREAD_SAFE -pthread   conftest.c >&5
conftest.c:60:10: fatal error: 'SDL/SDL.h' file not found
#include <SDL/SDL.h>
         ^~~~~~~~~~~
1 error generated.
configure:14785: $? = 1
configure: failed program was:
| /* confdefs.h */
| #define PACKAGE_NAME "libwebp"
| #define PACKAGE_TARNAME "libwebp"
| #define PACKAGE_VERSION "1.1.0"
| #define PACKAGE_STRING "libwebp 1.1.0"
| #define PACKAGE_BUGREPORT "https://bugs.chromium.org/p/webp"
| #define PACKAGE_URL "http://developers.google.com/speed/webp"
| #define PACKAGE "libwebp"
| #define VERSION "1.1.0"
| #define HAVE_STDIO_H 1
| #define HAVE_STDLIB_H 1
| #define HAVE_STRING_H 1
| #define HAVE_INTTYPES_H 1
| #define HAVE_STDINT_H 1
| #define HAVE_STRINGS_H 1
| #define HAVE_SYS_STAT_H 1
| #define HAVE_SYS_TYPES_H 1
| #define HAVE_UNISTD_H 1
| #define STDC_HEADERS 1
| #define HAVE_DLFCN_H 1
| #define LT_OBJDIR ".libs/"
| #define WEBP_HAVE_SSE41 1
| #define WEBP_HAVE_SSE2 1
| #define HAVE_BUILTIN_BSWAP16 1
| #define HAVE_BUILTIN_BSWAP32 1
| #define HAVE_BUILTIN_BSWAP64 1
| #define HAVE_PTHREAD_PRIO_INHERIT 1
| #define WEBP_USE_THREAD 1
| #define HAVE_GLUT_GLUT_H 1
| #define WEBP_HAVE_GL 1
| /* end confdefs.h.  */
| #include <stddef.h>
| #ifdef HAVE_STDIO_H
| # include <stdio.h>
| #endif
| #ifdef HAVE_STDLIB_H
| # include <stdlib.h>
| #endif
| #ifdef HAVE_STRING_H
| # include <string.h>
| #endif
| #ifdef HAVE_INTTYPES_H
| # include <inttypes.h>
| #endif
| #ifdef HAVE_STDINT_H
| # include <stdint.h>
| #endif
| #ifdef HAVE_STRINGS_H
| # include <strings.h>
| #endif
| #ifdef HAVE_SYS_TYPES_H
| # include <sys/types.h>
| #endif
| #ifdef HAVE_SYS_STAT_H
| # include <sys/stat.h>
| #endif
| #ifdef HAVE_UNISTD_H
| # include <unistd.h>
| #endif
| #include <SDL/SDL.h>
configure:14785: result: no
configure:14790: checking for SDL.h
configure:14790: gcc -c -arch x86_64 -pipe -isysroot /Applications/Xcode_14_0_1.app/Contents/Developer/Platforms/MacOSX.platform/Developer/SDKs/MacOSX.sdk -Os -DNDEBUG -mmacosx-version-min=10.11  -D_THREAD_SAFE -pthread   conftest.c >&5
conftest.c:60:10: fatal error: 'SDL.h' file not found
#include <SDL.h>
         ^~~~~~~
1 error generated.
configure:14790: $? = 1
configure: failed program was:
| /* confdefs.h */
| #define PACKAGE_NAME "libwebp"
| #define PACKAGE_TARNAME "libwebp"
| #define PACKAGE_VERSION "1.1.0"
| #define PACKAGE_STRING "libwebp 1.1.0"
| #define PACKAGE_BUGREPORT "https://bugs.chromium.org/p/webp"
| #define PACKAGE_URL "http://developers.google.com/speed/webp"
| #define PACKAGE "libwebp"
| #define VERSION "1.1.0"
| #define HAVE_STDIO_H 1
| #define HAVE_STDLIB_H 1
| #define HAVE_STRING_H 1
| #define HAVE_INTTYPES_H 1
| #define HAVE_STDINT_H 1
| #define HAVE_STRINGS_H 1
| #define HAVE_SYS_STAT_H 1
| #define HAVE_SYS_TYPES_H 1
| #define HAVE_UNISTD_H 1
| #define STDC_HEADERS 1
| #define HAVE_DLFCN_H 1
| #define LT_OBJDIR ".libs/"
| #define WEBP_HAVE_SSE41 1
| #define WEBP_HAVE_SSE2 1
| #define HAVE_BUILTIN_BSWAP16 1
| #define HAVE_BUILTIN_BSWAP32 1
| #define HAVE_BUILTIN_BSWAP64 1
| #define HAVE_PTHREAD_PRIO_INHERIT 1
| #define WEBP_USE_THREAD 1
| #define HAVE_GLUT_GLUT_H 1
| #define WEBP_HAVE_GL 1
| /* end confdefs.h.  */
| #include <stddef.h>
| #ifdef HAVE_STDIO_H
| # include <stdio.h>
| #endif
| #ifdef HAVE_STDLIB_H
| # include <stdlib.h>
| #endif
| #ifdef HAVE_STRING_H
| # include <string.h>
| #endif
| #ifdef HAVE_INTTYPES_H
| # include <inttypes.h>
| #endif
| #ifdef HAVE_STDINT_H
| # include <stdint.h>
| #endif
| #ifdef HAVE_STRINGS_H
| # include <strings.h>
| #endif
| #ifdef HAVE_SYS_TYPES_H
| # include <sys/types.h>
| #endif
| #ifdef HAVE_SYS_STAT_H
| # include <sys/stat.h>
| #endif
| #ifdef HAVE_UNISTD_H
| # include <unistd.h>
| #endif
| #include <SDL.h>
configure:14790: result: no
configure:14795: WARNING: SDL library not available - no sdl.h
configure:14856: WARNING: Optional SDL library not found
configure:14887: checking for libpng-config
configure:14925: result: no
configure:14887: checking for libpng16-config
configure:14925: result: no
configure:14887: checking for libpng15-config
configure:14925: result: no
configure:14887: checking for libpng14-config
configure:14925: result: no
configure:14887: checking for libpng12-config
configure:14925: result: no
configure:14957: checking for png.h
configure:14957: gcc -c -arch x86_64 -pipe -isysroot /Applications/Xcode_14_0_1.app/Contents/Developer/Platforms/MacOSX.platform/Developer/SDKs/MacOSX.sdk -Os -DNDEBUG -mmacosx-version-min=10.11  -D_THREAD_SAFE -pthread   conftest.c >&5
conftest.c:60:10: fatal error: 'png.h' file not found
#include <png.h>
         ^~~~~~~
1 error generated.
configure:14957: $? = 1
configure: failed program was:
| /* confdefs.h */
| #define PACKAGE_NAME "libwebp"
| #define PACKAGE_TARNAME "libwebp"
| #define PACKAGE_VERSION "1.1.0"
| #define PACKAGE_STRING "libwebp 1.1.0"
| #define PACKAGE_BUGREPORT "https://bugs.chromium.org/p/webp"
| #define PACKAGE_URL "http://developers.google.com/speed/webp"
| #define PACKAGE "libwebp"
| #define VERSION "1.1.0"
| #define HAVE_STDIO_H 1
| #define HAVE_STDLIB_H 1
| #define HAVE_STRING_H 1
| #define HAVE_INTTYPES_H 1
| #define HAVE_STDINT_H 1
| #define HAVE_STRINGS_H 1
| #define HAVE_SYS_STAT_H 1
| #define HAVE_SYS_TYPES_H 1
| #define HAVE_UNISTD_H 1
| #define STDC_HEADERS 1
| #define HAVE_DLFCN_H 1
| #define LT_OBJDIR ".libs/"
| #define WEBP_HAVE_SSE41 1
| #define WEBP_HAVE_SSE2 1
| #define HAVE_BUILTIN_BSWAP16 1
| #define HAVE_BUILTIN_BSWAP32 1
| #define HAVE_BUILTIN_BSWAP64 1
| #define HAVE_PTHREAD_PRIO_INHERIT 1
| #define WEBP_USE_THREAD 1
| #define HAVE_GLUT_GLUT_H 1
| #define WEBP_HAVE_GL 1
| /* end confdefs.h.  */
| #include <stddef.h>
| #ifdef HAVE_STDIO_H
| # include <stdio.h>
| #endif
| #ifdef HAVE_STDLIB_H
| # include <stdlib.h>
| #endif
| #ifdef HAVE_STRING_H
| # include <string.h>
| #endif
| #ifdef HAVE_INTTYPES_H
| # include <inttypes.h>
| #endif
| #ifdef HAVE_STDINT_H
| # include <stdint.h>
| #endif
| #ifdef HAVE_STRINGS_H
| # include <strings.h>
| #endif
| #ifdef HAVE_SYS_TYPES_H
| # include <sys/types.h>
| #endif
| #ifdef HAVE_SYS_STAT_H
| # include <sys/stat.h>
| #endif
| #ifdef HAVE_UNISTD_H
| # include <unistd.h>
| #endif
| #include <png.h>
configure:14957: result: no
configure:15033: WARNING: png library not available - no png.h
configure:15077: checking for jpeglib.h
configure:15077: gcc -c -arch x86_64 -pipe -isysroot /Applications/Xcode_14_0_1.app/Contents/Developer/Platforms/MacOSX.platform/Developer/SDKs/MacOSX.sdk -Os -DNDEBUG -mmacosx-version-min=10.11  -D_THREAD_SAFE -pthread   conftest.c >&5
conftest.c:60:10: fatal error: 'jpeglib.h' file not found
#include <jpeglib.h>
         ^~~~~~~~~~~
1 error generated.
configure:15077: $? = 1
configure: failed program was:
| /* confdefs.h */
| #define PACKAGE_NAME "libwebp"
| #define PACKAGE_TARNAME "libwebp"
| #define PACKAGE_VERSION "1.1.0"
| #define PACKAGE_STRING "libwebp 1.1.0"
| #define PACKAGE_BUGREPORT "https://bugs.chromium.org/p/webp"
| #define PACKAGE_URL "http://developers.google.com/speed/webp"
| #define PACKAGE "libwebp"
| #define VERSION "1.1.0"
| #define HAVE_STDIO_H 1
| #define HAVE_STDLIB_H 1
| #define HAVE_STRING_H 1
| #define HAVE_INTTYPES_H 1
| #define HAVE_STDINT_H 1
| #define HAVE_STRINGS_H 1
| #define HAVE_SYS_STAT_H 1
| #define HAVE_SYS_TYPES_H 1
| #define HAVE_UNISTD_H 1
| #define STDC_HEADERS 1
| #define HAVE_DLFCN_H 1
| #define LT_OBJDIR ".libs/"
| #define WEBP_HAVE_SSE41 1
| #define WEBP_HAVE_SSE2 1
| #define HAVE_BUILTIN_BSWAP16 1
| #define HAVE_BUILTIN_BSWAP32 1
| #define HAVE_BUILTIN_BSWAP64 1
| #define HAVE_PTHREAD_PRIO_INHERIT 1
| #define WEBP_USE_THREAD 1
| #define HAVE_GLUT_GLUT_H 1
| #define WEBP_HAVE_GL 1
| /* end confdefs.h.  */
| #include <stddef.h>
| #ifdef HAVE_STDIO_H
| # include <stdio.h>
| #endif
| #ifdef HAVE_STDLIB_H
| # include <stdlib.h>
| #endif
| #ifdef HAVE_STRING_H
| # include <string.h>
| #endif
| #ifdef HAVE_INTTYPES_H
| # include <inttypes.h>
| #endif
| #ifdef HAVE_STDINT_H
| # include <stdint.h>
| #endif
| #ifdef HAVE_STRINGS_H
| # include <strings.h>
| #endif
| #ifdef HAVE_SYS_TYPES_H
| # include <sys/types.h>
| #endif
| #ifdef HAVE_SYS_STAT_H
| # include <sys/stat.h>
| #endif
| #ifdef HAVE_UNISTD_H
| # include <unistd.h>
| #endif
| #include <jpeglib.h>
configure:15077: result: no
configure:15130: WARNING: jpeg library not available - no jpeglib.h
configure:15172: checking for tiffio.h
configure:15172: gcc -c -arch x86_64 -pipe -isysroot /Applications/Xcode_14_0_1.app/Contents/Developer/Platforms/MacOSX.platform/Developer/SDKs/MacOSX.sdk -Os -DNDEBUG -mmacosx-version-min=10.11  -D_THREAD_SAFE -pthread   conftest.c >&5
conftest.c:60:10: fatal error: 'tiffio.h' file not found
#include <tiffio.h>
         ^~~~~~~~~~
1 error generated.
configure:15172: $? = 1
configure: failed program was:
| /* confdefs.h */
| #define PACKAGE_NAME "libwebp"
| #define PACKAGE_TARNAME "libwebp"
| #define PACKAGE_VERSION "1.1.0"
| #define PACKAGE_STRING "libwebp 1.1.0"
| #define PACKAGE_BUGREPORT "https://bugs.chromium.org/p/webp"
| #define PACKAGE_URL "http://developers.google.com/speed/webp"
| #define PACKAGE "libwebp"
| #define VERSION "1.1.0"
| #define HAVE_STDIO_H 1
| #define HAVE_STDLIB_H 1
| #define HAVE_STRING_H 1
| #define HAVE_INTTYPES_H 1
| #define HAVE_STDINT_H 1
| #define HAVE_STRINGS_H 1
| #define HAVE_SYS_STAT_H 1
| #define HAVE_SYS_TYPES_H 1
| #define HAVE_UNISTD_H 1
| #define STDC_HEADERS 1
| #define HAVE_DLFCN_H 1
| #define LT_OBJDIR ".libs/"
| #define WEBP_HAVE_SSE41 1
| #define WEBP_HAVE_SSE2 1
| #define HAVE_BUILTIN_BSWAP16 1
| #define HAVE_BUILTIN_BSWAP32 1
| #define HAVE_BUILTIN_BSWAP64 1
| #define HAVE_PTHREAD_PRIO_INHERIT 1
| #define WEBP_USE_THREAD 1
| #define HAVE_GLUT_GLUT_H 1
| #define WEBP_HAVE_GL 1
| /* end confdefs.h.  */
| #include <stddef.h>
| #ifdef HAVE_STDIO_H
| # include <stdio.h>
| #endif
| #ifdef HAVE_STDLIB_H
| # include <stdlib.h>
| #endif
| #ifdef HAVE_STRING_H
| # include <string.h>
| #endif
| #ifdef HAVE_INTTYPES_H
| # include <inttypes.h>
| #endif
| #ifdef HAVE_STDINT_H
| # include <stdint.h>
| #endif
| #ifdef HAVE_STRINGS_H
| # include <strings.h>
| #endif
| #ifdef HAVE_SYS_TYPES_H
| # include <sys/types.h>
| #endif
| #ifdef HAVE_SYS_STAT_H
| # include <sys/stat.h>
| #endif
| #ifdef HAVE_UNISTD_H
| # include <unistd.h>
| #endif
| #include <tiffio.h>
configure:15172: result: no
configure:15225: WARNING: tiff library not available - no tiffio.h
configure:15267: checking for gif_lib.h
configure:15267: gcc -c -arch x86_64 -pipe -isysroot /Applications/Xcode_14_0_1.app/Contents/Developer/Platforms/MacOSX.platform/Developer/SDKs/MacOSX.sdk -Os -DNDEBUG -mmacosx-version-min=10.11  -D_THREAD_SAFE -pthread   conftest.c >&5
conftest.c:60:10: fatal error: 'gif_lib.h' file not found
#include <gif_lib.h>
         ^~~~~~~~~~~
1 error generated.
configure:15267: $? = 1
configure: failed program was:
| /* confdefs.h */
| #define PACKAGE_NAME "libwebp"
| #define PACKAGE_TARNAME "libwebp"
| #define PACKAGE_VERSION "1.1.0"
| #define PACKAGE_STRING "libwebp 1.1.0"
| #define PACKAGE_BUGREPORT "https://bugs.chromium.org/p/webp"
| #define PACKAGE_URL "http://developers.google.com/speed/webp"
| #define PACKAGE "libwebp"
| #define VERSION "1.1.0"
| #define HAVE_STDIO_H 1
| #define HAVE_STDLIB_H 1
| #define HAVE_STRING_H 1
| #define HAVE_INTTYPES_H 1
| #define HAVE_STDINT_H 1
| #define HAVE_STRINGS_H 1
| #define HAVE_SYS_STAT_H 1
| #define HAVE_SYS_TYPES_H 1
| #define HAVE_UNISTD_H 1
| #define STDC_HEADERS 1
| #define HAVE_DLFCN_H 1
| #define LT_OBJDIR ".libs/"
| #define WEBP_HAVE_SSE41 1
| #define WEBP_HAVE_SSE2 1
| #define HAVE_BUILTIN_BSWAP16 1
| #define HAVE_BUILTIN_BSWAP32 1
| #define HAVE_BUILTIN_BSWAP64 1
| #define HAVE_PTHREAD_PRIO_INHERIT 1
| #define WEBP_USE_THREAD 1
| #define HAVE_GLUT_GLUT_H 1
| #define WEBP_HAVE_GL 1
| /* end confdefs.h.  */
| #include <stddef.h>
| #ifdef HAVE_STDIO_H
| # include <stdio.h>
| #endif
| #ifdef HAVE_STDLIB_H
| # include <stdlib.h>
| #endif
| #ifdef HAVE_STRING_H
| # include <string.h>
| #endif
| #ifdef HAVE_INTTYPES_H
| # include <inttypes.h>
| #endif
| #ifdef HAVE_STDINT_H
| # include <stdint.h>
| #endif
| #ifdef HAVE_STRINGS_H
| # include <strings.h>
| #endif
| #ifdef HAVE_SYS_TYPES_H
| # include <sys/types.h>
| #endif
| #ifdef HAVE_SYS_STAT_H
| # include <sys/stat.h>
| #endif
| #ifdef HAVE_UNISTD_H
| # include <unistd.h>
| #endif
| #include <gif_lib.h>
configure:15267: result: no
configure:15319: WARNING: gif library not available - no gif_lib.h
configure:15475: checking if --enable-swap-16bit-csp option is specified
configure:15486: result: yes
configure:15494: checking if --disable-near-lossless option is specified
configure:15511: result: no
configure:15515: checking whether libwebpmux is to be built
configure:15523: result: yes
configure:15534: checking whether libwebpdemux is to be built
configure:15544: result: yes
configure:15555: checking whether decoder library is to be built
configure:15563: result: yes
configure:15574: checking whether libwebpextras is to be built
configure:15582: result: no
configure:15710: checking that generated files are newer than configure
configure:15716: result: done
configure:15780: creating ./config.status

## ---------------------- ##
## Running config.status. ##
## ---------------------- ##

This file was extended by libwebp config.status 1.1.0, which was
generated by GNU Autoconf 2.71.  Invocation command line was

  CONFIG_FILES    = 
  CONFIG_HEADERS  = 
  CONFIG_LINKS    = 
  CONFIG_COMMANDS = 
  $ ./config.status 

on Mikes-MacBook-Pro.local

config.status:1150: creating Makefile
config.status:1150: creating src/Makefile
config.status:1150: creating man/Makefile
config.status:1150: creating examples/Makefile
config.status:1150: creating extras/Makefile
config.status:1150: creating imageio/Makefile
config.status:1150: creating src/dec/Makefile
config.status:1150: creating src/enc/Makefile
config.status:1150: creating src/dsp/Makefile
config.status:1150: creating src/demux/Makefile
config.status:1150: creating src/mux/Makefile
config.status:1150: creating src/utils/Makefile
config.status:1150: creating src/libwebp.pc
config.status:1150: creating src/libwebpdecoder.pc
config.status:1150: creating src/demux/libwebpdemux.pc
config.status:1150: creating src/mux/libwebpmux.pc
config.status:1150: creating src/webp/config.h
config.status:1379: executing depfiles commands
config.status:1456: cd examples       && sed -e '/# am--include-marker/d' Makefile         | make -f - am--depfiles
make: Nothing to be done for `am--depfiles'.
config.status:1461: $? = 0
config.status:1456: cd extras       && sed -e '/# am--include-marker/d' Makefile         | make -f - am--depfiles
make: Nothing to be done for `am--depfiles'.
config.status:1461: $? = 0
config.status:1456: cd imageio       && sed -e '/# am--include-marker/d' Makefile         | make -f - am--depfiles
make: Nothing to be done for `am--depfiles'.
config.status:1461: $? = 0
config.status:1456: cd src/dec       && sed -e '/# am--include-marker/d' Makefile         | make -f - am--depfiles
make: Nothing to be done for `am--depfiles'.
config.status:1461: $? = 0
config.status:1456: cd src/enc       && sed -e '/# am--include-marker/d' Makefile         | make -f - am--depfiles
make: Nothing to be done for `am--depfiles'.
config.status:1461: $? = 0
config.status:1456: cd src/dsp       && sed -e '/# am--include-marker/d' Makefile         | make -f - am--depfiles
make: Nothing to be done for `am--depfiles'.
config.status:1461: $? = 0
config.status:1456: cd src/demux       && sed -e '/# am--include-marker/d' Makefile         | make -f - am--depfiles
make: Nothing to be done for `am--depfiles'.
config.status:1461: $? = 0
config.status:1456: cd src/mux       && sed -e '/# am--include-marker/d' Makefile         | make -f - am--depfiles
make: Nothing to be done for `am--depfiles'.
config.status:1461: $? = 0
config.status:1456: cd src/utils       && sed -e '/# am--include-marker/d' Makefile         | make -f - am--depfiles
make: Nothing to be done for `am--depfiles'.
config.status:1461: $? = 0
config.status:1379: executing libtool commands
configure:17939:
WebP Configuration Summary
--------------------------

Shared libraries: no
Static libraries: yes
Threading support: yes
libwebp: yes
libwebpdecoder: yes
libwebpdemux: yes
libwebpmux: yes
libwebpextras: no

Tools:
cwebp : yes
  Input format support
  ====================
  JPEG : no
  PNG  : no
  TIFF : no
  WIC  : no
dwebp : yes
  Output format support
  =====================
  PNG  : no
  WIC  : no
GIF support : no
anim_diff   : no
gif2webp    : no
img2webp    : no
webpmux     : yes
vwebp       : no
webpinfo    : yes
SDL support : no
vwebp_sdl   : no


## ---------------- ##
## Cache variables. ##
## ---------------- ##

ac_cv_build=aarch64-apple-darwin22.1.0
ac_cv_c_bigendian=no
ac_cv_c_compiler_gnu=yes
ac_cv_env_CC_set=
ac_cv_env_CC_value=
ac_cv_env_CFLAGS_set=set
ac_cv_env_CFLAGS_value='-arch x86_64 -pipe -isysroot /Applications/Xcode_14_0_1.app/Contents/Developer/Platforms/MacOSX.platform/Developer/SDKs/MacOSX.sdk -Os -DNDEBUG -mmacosx-version-min=10.11 '
ac_cv_env_CPPFLAGS_set=
ac_cv_env_CPPFLAGS_value=
ac_cv_env_LDFLAGS_set=
ac_cv_env_LDFLAGS_value=
ac_cv_env_LIBS_set=
ac_cv_env_LIBS_value=
ac_cv_env_LT_SYS_LIBRARY_PATH_set=
ac_cv_env_LT_SYS_LIBRARY_PATH_value=
ac_cv_env_build_alias_set=set
ac_cv_env_build_alias_value=aarch64-apple-darwin22.1.0
ac_cv_env_host_alias_set=set
ac_cv_env_host_alias_value=x86_64-apple-darwin
ac_cv_env_target_alias_set=
ac_cv_env_target_alias_value=
ac_cv_header_GLUT_glut_h=yes
ac_cv_header_GL_glut_h=no
ac_cv_header_SDL_SDL_h=no
ac_cv_header_SDL_h=no
ac_cv_header_dlfcn_h=yes
ac_cv_header_emmintrin_h=yes
ac_cv_header_gif_lib_h=no
ac_cv_header_inttypes_h=yes
ac_cv_header_jpeglib_h=no
ac_cv_header_png_h=no
ac_cv_header_smmintrin_h=yes
ac_cv_header_stdint_h=yes
ac_cv_header_stdio_h=yes
ac_cv_header_stdlib_h=yes
ac_cv_header_string_h=yes
ac_cv_header_strings_h=yes
ac_cv_header_sys_stat_h=yes
ac_cv_header_sys_types_h=yes
ac_cv_header_tiffio_h=no
ac_cv_header_unistd_h=yes
ac_cv_host=x86_64-apple-darwin
ac_cv_objext=o
ac_cv_path_EGREP='/usr/bin/grep -E'
ac_cv_path_FGREP='/usr/bin/grep -F'
ac_cv_path_GREP=/usr/bin/grep
ac_cv_path_SED=/usr/bin/sed
ac_cv_path_install='/usr/bin/install -c'
ac_cv_path_lt_DD=/bin/dd
ac_cv_prog_AR=ar
ac_cv_prog_AWK=awk
ac_cv_prog_STRIP=strip
ac_cv_prog_ac_ct_AR=ar
ac_cv_prog_ac_ct_CC=gcc
ac_cv_prog_ac_ct_DSYMUTIL=dsymutil
ac_cv_prog_ac_ct_DUMPBIN='link -dump'
ac_cv_prog_ac_ct_LIPO=lipo
ac_cv_prog_ac_ct_NMEDIT=nmedit
ac_cv_prog_ac_ct_OBJDUMP=objdump
ac_cv_prog_ac_ct_OTOOL=otool
ac_cv_prog_ac_ct_RANLIB=ranlib
ac_cv_prog_ac_ct_STRIP=strip
ac_cv_prog_cc_c11=
ac_cv_prog_cc_g=yes
ac_cv_prog_cc_stdc=
ac_cv_prog_make_make_set=yes
ac_cv_search_glBegin='none required'
am_cv_CC_dependencies_compiler_type=gcc3
am_cv_ar_interface=ar
am_cv_make_support_nested_variables=yes
am_cv_prog_cc_c_o=yes
ax_cv_PTHREAD_PRIO_INHERIT=yes
lt_cv_apple_cc_single_mod=yes
lt_cv_ar_at_file=no
lt_cv_deplibs_check_method=pass_all
lt_cv_file_magic_cmd='$MAGIC_CMD'
lt_cv_file_magic_test_file=
lt_cv_ld_exported_symbols_list=yes
lt_cv_ld_force_load=yes
lt_cv_ld_reload_flag=-r
lt_cv_nm_interface='BSD nm'
lt_cv_objdir=.libs
lt_cv_path_LD=/Applications/Xcode_14_0_1.app/Contents/Developer/Toolchains/XcodeDefault.xctoolchain/usr/bin/ld
lt_cv_path_NM=no
lt_cv_path_mainfest_tool=no
lt_cv_prog_compiler_c_o=yes
lt_cv_prog_compiler_pic='-fno-common -DPIC'
lt_cv_prog_compiler_pic_works=yes
lt_cv_prog_compiler_rtti_exceptions=yes
lt_cv_prog_compiler_static_works=no
lt_cv_prog_gnu_ld=no
lt_cv_sharedlib_from_linklib_cmd='printf %s\n'
lt_cv_sys_global_symbol_pipe='sed -n -e '\''s/^.*[	 ]\([ABCDGIRSTW][ABCDGIRSTW]*\)[	 ][	 ]*_\([_A-Za-z][_A-Za-z0-9]*\)$/\1 _\2 \2/p'\'' | sed '\''/ __gnu_lto/d'\'''
lt_cv_sys_global_symbol_to_c_name_address='sed -n -e '\''s/^: \(.*\) .*$/  {"\1", (void *) 0},/p'\'' -e '\''s/^[ABCDGIRSTW][ABCDGIRSTW]* .* \(.*\)$/  {"\1", (void *) \&\1},/p'\'''
lt_cv_sys_global_symbol_to_c_name_address_lib_prefix='sed -n -e '\''s/^: \(.*\) .*$/  {"\1", (void *) 0},/p'\'' -e '\''s/^[ABCDGIRSTW][ABCDGIRSTW]* .* \(lib.*\)$/  {"\1", (void *) \&\1},/p'\'' -e '\''s/^[ABCDGIRSTW][ABCDGIRSTW]* .* \(.*\)$/  {"lib\1", (void *) \&\1},/p'\'''
lt_cv_sys_global_symbol_to_cdecl='sed -n -e '\''s/^T .* \(.*\)$/extern int \1();/p'\'' -e '\''s/^[ABCDGIRSTW][ABCDGIRSTW]* .* \(.*\)$/extern char \1;/p'\'''
lt_cv_sys_global_symbol_to_import=
lt_cv_sys_max_cmd_len=786432
lt_cv_to_host_file_cmd=func_convert_file_noop
lt_cv_to_tool_file_cmd=func_convert_file_noop
lt_cv_truncate_bin='/bin/dd bs=4096 count=1'

## ----------------- ##
## Output variables. ##
## ----------------- ##

ACLOCAL='${SHELL} '\''/Users/mikerenoir/projects/Telegram-macOS/Telegram/core-xprojects/libwebp/build/libwebp-master/missing'\'' aclocal-1.16'
AMDEPBACKSLASH='\'
AMDEP_FALSE='#'
AMDEP_TRUE=''
AMTAR='$${TAR-tar}'
AM_BACKSLASH='\'
AM_CFLAGS=' -fvisibility=hidden -Wall -Wconstant-conversion -Wdeclaration-after-statement -Wextra -Wfloat-conversion -Wformat -Wformat-nonliteral -Wformat -Wformat-security -Wmissing-declarations -Wmissing-prototypes -Wold-style-definition -Wparentheses-equality -Wshadow -Wshorten-64-to-32 -Wundef -Wunreachable-code-aggressive -Wunreachable-code -Wunused-but-set-variable -Wunused -Wvla -Wno-deprecated-declarations'
AM_CPPFLAGS=' -DNDEBUG'
AM_DEFAULT_V='$(AM_DEFAULT_VERBOSITY)'
AM_DEFAULT_VERBOSITY='0'
AM_V='$(V)'
AR='ar'
AUTOCONF='${SHELL} '\''/Users/mikerenoir/projects/Telegram-macOS/Telegram/core-xprojects/libwebp/build/libwebp-master/missing'\'' autoconf'
AUTOHEADER='${SHELL} '\''/Users/mikerenoir/projects/Telegram-macOS/Telegram/core-xprojects/libwebp/build/libwebp-master/missing'\'' autoheader'
AUTOMAKE='${SHELL} '\''/Users/mikerenoir/projects/Telegram-macOS/Telegram/core-xprojects/libwebp/build/libwebp-master/missing'\'' automake-1.16'
AWK='awk'
BUILD_ANIMDIFF_FALSE=''
BUILD_ANIMDIFF_TRUE='#'
BUILD_DEMUX_FALSE='#'
BUILD_DEMUX_TRUE=''
BUILD_EXTRAS_FALSE=''
BUILD_EXTRAS_TRUE='#'
BUILD_GIF2WEBP_FALSE=''
BUILD_GIF2WEBP_TRUE='#'
BUILD_IMG2WEBP_FALSE=''
BUILD_IMG2WEBP_TRUE='#'
BUILD_LIBWEBPDECODER_FALSE='#'
BUILD_LIBWEBPDECODER_TRUE=''
BUILD_MUX_FALSE='#'
BUILD_MUX_TRUE=''
BUILD_VWEBP_FALSE=''
BUILD_VWEBP_SDL_FALSE=''
BUILD_VWEBP_SDL_TRUE='#'
BUILD_VWEBP_TRUE='#'
BUILD_WEBPINFO_FALSE='#'
BUILD_WEBPINFO_TRUE=''
CC='gcc'
CCDEPMODE='depmode=gcc3'
CFLAGS='-arch x86_64 -pipe -isysroot /Applications/Xcode_14_0_1.app/Contents/Developer/Platforms/MacOSX.platform/Developer/SDKs/MacOSX.sdk -Os -DNDEBUG -mmacosx-version-min=10.11  -D_THREAD_SAFE -pthread'
CPPFLAGS=''
CSCOPE='cscope'
CTAGS='ctags'
CYGPATH_W='echo'
DEFS='-DHAVE_CONFIG_H'
DEPDIR='.deps'
DLLTOOL='false'
DSYMUTIL='dsymutil'
DUMPBIN=':'
ECHO_C='\c'
ECHO_N=''
ECHO_T=''
EGREP='/usr/bin/grep -E'
ETAGS='etags'
EXEEXT=''
FGREP='/usr/bin/grep -F'
GIF_INCLUDES=''
GIF_LIBS=''
GL_INCLUDES=''
GL_LIBS='-framework GLUT -framework OpenGL  '
GREP='/usr/bin/grep'
INSTALL_DATA='${INSTALL} -m 644'
INSTALL_PROGRAM='${INSTALL}'
INSTALL_SCRIPT='${INSTALL}'
INSTALL_STRIP_PROGRAM='$(install_sh) -c -s'
JPEG_INCLUDES=''
JPEG_LIBS=''
LD='/Applications/Xcode_14_0_1.app/Contents/Developer/Toolchains/XcodeDefault.xctoolchain/usr/bin/ld'
LDFLAGS=''
LIBOBJS=''
LIBPNG_CONFIG=''
LIBS=' '
LIBSDL_CONFIG=''
LIBTOOL='$(SHELL) $(top_builddir)/libtool'
LIPO='lipo'
LN_S='ln -s'
LTLIBOBJS=''
LT_SYS_LIBRARY_PATH=''
MAKEINFO='${SHELL} '\''/Users/mikerenoir/projects/Telegram-macOS/Telegram/core-xprojects/libwebp/build/libwebp-master/missing'\'' makeinfo'
MANIFEST_TOOL=':'
MKDIR_P='./install-sh -c -d'
NEON_FLAGS=''
NM='nm'
NMEDIT='nmedit'
OBJDUMP='objdump'
OBJEXT='o'
OTOOL64=':'
OTOOL='otool'
PACKAGE='libwebp'
PACKAGE_BUGREPORT='https://bugs.chromium.org/p/webp'
PACKAGE_NAME='libwebp'
PACKAGE_STRING='libwebp 1.1.0'
PACKAGE_TARNAME='libwebp'
PACKAGE_URL='http://developers.google.com/speed/webp'
PACKAGE_VERSION='1.1.0'
PATH_SEPARATOR=':'
PNG_INCLUDES=''
PNG_LIBS=''
PTHREAD_CC='gcc'
PTHREAD_CFLAGS='-D_THREAD_SAFE -pthread'
PTHREAD_LIBS=''
RANLIB='ranlib'
SDL_INCLUDES=''
SDL_LIBS=''
SED='/usr/bin/sed'
SET_MAKE=''
SHELL='/bin/sh'
SSE2_FLAGS='  -msse2'
SSE41_FLAGS='  -msse4.1'
STRIP='strip'
TIFF_INCLUDES=''
TIFF_LIBS=''
USE_SWAP_16BIT_CSP='-DWEBP_SWAP_16BIT_CSP=1'
VERSION='1.1.0'
ac_ct_AR='ar'
ac_ct_CC='gcc'
ac_ct_DUMPBIN='link -dump'
am__EXEEXT_FALSE=''
am__EXEEXT_TRUE='#'
am__fastdepCC_FALSE='#'
am__fastdepCC_TRUE=''
am__include='include'
am__isrc=''
am__leading_dot='.'
am__nodep='_no'
am__quote=''
am__tar='$${TAR-tar} chof - "$$tardir"'
am__untar='$${TAR-tar} xf -'
ax_pthread_config=''
bindir='${exec_prefix}/bin'
build='aarch64-apple-darwin22.1.0'
build_alias='aarch64-apple-darwin22.1.0'
build_cpu='aarch64'
build_os='darwin22.1.0'
build_vendor='apple'
datadir='${datarootdir}'
datarootdir='${prefix}/share'
docdir='${datarootdir}/doc/${PACKAGE_TARNAME}'
dvidir='${docdir}'
exec_prefix='${prefix}'
host='x86_64-apple-darwin'
host_alias='x86_64-apple-darwin'
host_cpu='x86_64'
host_os='darwin'
host_vendor='apple'
htmldir='${docdir}'
includedir='${prefix}/include'
infodir='${datarootdir}/info'
install_sh='${SHELL} /Users/mikerenoir/projects/Telegram-macOS/Telegram/core-xprojects/libwebp/build/libwebp-master/install-sh'
libdir='${exec_prefix}/lib'
libexecdir='${exec_prefix}/libexec'
localedir='${datarootdir}/locale'
localstatedir='${prefix}/var'
mandir='${datarootdir}/man'
mkdir_p='$(MKDIR_P)'
oldincludedir='/usr/include'
pdfdir='${docdir}'
pkgconfigdir='${libdir}/pkgconfig'
prefix='/Users/mikerenoir/projects/Telegram-macOS/Telegram/core-xprojects/libwebp/build/x86_64'
program_transform_name='s,x,x,'
psdir='${docdir}'
runstatedir='${localstatedir}/run'
sbindir='${exec_prefix}/sbin'
sharedstatedir='${prefix}/com'
sysconfdir='${prefix}/etc'
target_alias=''

## ----------- ##
## confdefs.h. ##
## ----------- ##

/* confdefs.h */
#define PACKAGE_NAME "libwebp"
#define PACKAGE_TARNAME "libwebp"
#define PACKAGE_VERSION "1.1.0"
#define PACKAGE_STRING "libwebp 1.1.0"
#define PACKAGE_BUGREPORT "https://bugs.chromium.org/p/webp"
#define PACKAGE_URL "http://developers.google.com/speed/webp"
#define PACKAGE "libwebp"
#define VERSION "1.1.0"
#define HAVE_STDIO_H 1
#define HAVE_STDLIB_H 1
#define HAVE_STRING_H 1
#define HAVE_INTTYPES_H 1
#define HAVE_STDINT_H 1
#define HAVE_STRINGS_H 1
#define HAVE_SYS_STAT_H 1
#define HAVE_SYS_TYPES_H 1
#define HAVE_UNISTD_H 1
#define STDC_HEADERS 1
#define HAVE_DLFCN_H 1
#define LT_OBJDIR ".libs/"
#define WEBP_HAVE_SSE41 1
#define WEBP_HAVE_SSE2 1
#define HAVE_BUILTIN_BSWAP16 1
#define HAVE_BUILTIN_BSWAP32 1
#define HAVE_BUILTIN_BSWAP64 1
#define HAVE_PTHREAD_PRIO_INHERIT 1
#define WEBP_USE_THREAD 1
#define HAVE_GLUT_GLUT_H 1
#define WEBP_HAVE_GL 1
#define WEBP_NEAR_LOSSLESS 1

configure: exit 0
